2025-04-16 09:31:29 INFO: Aplikace spuštìna.
2025-04-16 09:31:59 INFO: Vstup pøed škálováním: [[1.0, 265.0, 0.0, 0.0, 3.0, 122666.0, 121.0, 2.0]]
2025-04-16 09:31:59 INFO: Vstup po škálování: [[1.0, 265.0, 0.0, 0.0, 1.4847307903916607, 0.4378531570664259, -0.21824669956778647, -0.6975677025918599]]
2025-04-16 09:31:59 INFO: Výstup: 715690.12 Kè
2025-04-16 09:33:30 INFO: Vstup pøed škálováním: [[20.0, 260.0, 1.0, 0.0, 1.4, 125781.0, 150.0, 4.0]]
2025-04-16 09:33:30 INFO: Vstup po škálování: [[20.0, 260.0, 1.0, 0.0, -0.8314095904781446, 0.4754002017109497, 0.23203160131767606, -0.3567351224960677]]
2025-04-16 09:33:30 INFO: Výstup: 519439.24 Kè
2025-04-16 09:33:34 INFO: Vstup pøed škálováním: [[20.0, 260.0, 1.0, 0.0, 1.4, 125781.0, 150.0, 4.0]]
2025-04-16 09:33:34 INFO: Vstup po škálování: [[20.0, 260.0, 1.0, 0.0, -0.8314095904781446, 0.4754002017109497, 0.23203160131767606, -0.3567351224960677]]
2025-04-16 09:33:34 INFO: Výstup: 865800.00 Kè
2025-04-16 09:33:36 INFO: Vstup pøed škálováním: [[20.0, 260.0, 1.0, 0.0, 1.4, 125781.0, 150.0, 4.0]]
2025-04-16 09:33:36 INFO: Vstup po škálování: [[20.0, 260.0, 1.0, 0.0, -0.8314095904781446, 0.4754002017109497, 0.23203160131767606, -0.3567351224960677]]
2025-04-16 09:33:36 INFO: Výstup: 596637.83 Kè
2025-04-16 09:35:36 INFO: Aplikace spuštìna.
2025-04-16 09:35:54 INFO: Vstup pøed škálováním: [[1.0, 337.0, 2.0, 0.0, 1.6, 201000.0, 122.0, 3.0]]
2025-04-16 09:35:55 INFO: Vstup pøed škálováním: [[1.0, 337.0, 2.0, 0.0, 1.6, 201000.0, 122.0, 3.0]]
2025-04-16 09:35:55 INFO: Vstup pøed škálováním: [[1.0, 337.0, 2.0, 0.0, 1.6, 201000.0, 122.0, 3.0]]
2025-04-16 09:35:56 INFO: Vstup pøed škálováním: [[1.0, 337.0, 2.0, 0.0, 1.6, 201000.0, 122.0, 3.0]]
2025-04-16 09:35:56 INFO: Vstup pøed škálováním: [[1.0, 337.0, 2.0, 0.0, 1.6, 201000.0, 122.0, 3.0]]
2025-04-16 09:35:56 INFO: Vstup pøed škálováním: [[1.0, 337.0, 2.0, 0.0, 1.6, 201000.0, 122.0, 3.0]]
2025-04-16 09:35:57 INFO: Vstup pøed škálováním: [[1.0, 337.0, 2.0, 0.0, 1.6, 201000.0, 122.0, 3.0]]
2025-04-16 09:35:57 INFO: Vstup pøed škálováním: [[1.0, 337.0, 2.0, 0.0, 1.6, 201000.0, 122.0, 3.0]]
2025-04-16 10:09:20 INFO: Aplikace spuštìna.
2025-04-16 10:09:37 INFO: Vstup pøed škálováním: [[4.0, 26.0, 0.0, 1.0, 1.0, 99000.0, 57.0, 4.0]]
2025-04-16 10:09:37 INFO: Vstup po škálování: [[4.0, 26.0, 0.0, 1.0, -1.4104446856955957, 0.15259204677515745, -1.2119643291081175, -0.3567351224960677]]
2025-04-16 10:09:37 INFO: Výstup: 245000.00 Kè
2025-04-16 10:09:39 INFO: Vstup pøed škálováním: [[4.0, 26.0, 0.0, 1.0, 1.0, 99000.0, 57.0, 4.0]]
2025-04-16 10:09:39 INFO: Vstup po škálování: [[4.0, 26.0, 0.0, 1.0, -1.4104446856955957, 0.15259204677515745, -1.2119643291081175, -0.3567351224960677]]
2025-04-16 10:09:39 INFO: Výstup: 268748.29 Kè
2025-04-16 10:09:40 INFO: Vstup pøed škálováním: [[4.0, 26.0, 0.0, 1.0, 1.0, 99000.0, 57.0, 4.0]]
2025-04-16 10:09:40 INFO: Vstup po škálování: [[4.0, 26.0, 0.0, 1.0, -1.4104446856955957, 0.15259204677515745, -1.2119643291081175, -0.3567351224960677]]
2025-04-16 10:09:40 INFO: Výstup: 268678.91 Kè
2025-04-16 10:18:56 INFO: Aplikace spuštìna.
2025-04-16 10:19:43 INFO: Vstup pøed škálováním: [[21.0, 248.0, 2.0, 0.0, 2.0, 150000.0, 140.0, 3.0]]
2025-04-16 10:19:43 INFO: Vstup po škálování: [[21.0, 248.0, 2.0, 0.0, 0.037143052348032495, 0.7673269671188865, 0.07676322170199931, -0.5271514125439638]]
2025-04-16 10:19:43 INFO: Výstup: 561666.67 Kè
2025-04-16 10:19:47 INFO: Vstup pøed škálováním: [[21.0, 248.0, 2.0, 0.0, 2.0, 150000.0, 140.0, 4.0]]
2025-04-16 10:19:47 INFO: Vstup po škálování: [[21.0, 248.0, 2.0, 0.0, 0.037143052348032495, 0.7673269671188865, 0.07676322170199931, -0.3567351224960677]]
2025-04-16 10:19:47 INFO: Výstup: 561666.67 Kè
2025-04-16 10:19:49 INFO: Vstup pøed škálováním: [[21.0, 248.0, 2.0, 0.0, 2.0, 150000.0, 140.0, 4.0]]
2025-04-16 10:19:49 INFO: Vstup po škálování: [[21.0, 248.0, 2.0, 0.0, 0.037143052348032495, 0.7673269671188865, 0.07676322170199931, -0.3567351224960677]]
2025-04-16 10:19:49 INFO: Výstup: 641061.18 Kè
2025-04-16 10:19:51 INFO: Vstup pøed škálováním: [[21.0, 248.0, 2.0, 0.0, 2.0, 150000.0, 140.0, 4.0]]
2025-04-16 10:19:51 INFO: Vstup po škálování: [[21.0, 248.0, 2.0, 0.0, 0.037143052348032495, 0.7673269671188865, 0.07676322170199931, -0.3567351224960677]]
2025-04-16 10:19:51 INFO: Výstup: 584762.56 Kè
2025-04-16 10:28:32 INFO: Aplikace spuštìna.
2025-04-16 10:28:53 INFO: Vstup pøed škálováním: [[2.0, 93.0, 1.0, 1.0, 1.2, 3223.0, 32.0, 3.0]]
2025-04-16 10:28:53 INFO: Vstup po škálování: [[2.0, 93.0, 1.0, 1.0, -1.1209271380868702, -1.0018680800044766, -1.6001352781473093, -0.5271514125439638]]
2025-04-16 10:28:53 INFO: Výstup: 331333.33 Kè
2025-04-16 10:28:57 INFO: Vstup pøed škálováním: [[2.0, 93.0, 1.0, 1.0, 1.2, 3223.0, 32.0, 2.0]]
2025-04-16 10:28:57 INFO: Vstup po škálování: [[2.0, 93.0, 1.0, 1.0, -1.1209271380868702, -1.0018680800044766, -1.6001352781473093, -0.6975677025918599]]
2025-04-16 10:28:57 INFO: Výstup: 366986.33 Kè
2025-04-16 10:28:59 INFO: Vstup pøed škálováním: [[2.0, 93.0, 1.0, 1.0, 1.2, 3223.0, 32.0, 2.0]]
2025-04-16 10:28:59 INFO: Vstup po škálování: [[2.0, 93.0, 1.0, 1.0, -1.1209271380868702, -1.0018680800044766, -1.6001352781473093, -0.6975677025918599]]
2025-04-16 10:28:59 INFO: Výstup: 380027.62 Kè
2025-04-16 10:29:01 INFO: Vstup pøed škálováním: [[2.0, 93.0, 1.0, 1.0, 1.2, 3223.0, 32.0, 2.0]]
2025-04-16 10:29:01 INFO: Vstup po škálování: [[2.0, 93.0, 1.0, 1.0, -1.1209271380868702, -1.0018680800044766, -1.6001352781473093, -0.6975677025918599]]
2025-04-16 10:29:01 INFO: Výstup: 426414.14 Kè
2025-04-16 10:29:02 INFO: Vstup pøed škálováním: [[2.0, 93.0, 1.0, 1.0, 1.2, 3223.0, 32.0, 2.0]]
2025-04-16 10:29:02 INFO: Vstup po škálování: [[2.0, 93.0, 1.0, 1.0, -1.1209271380868702, -1.0018680800044766, -1.6001352781473093, -0.6975677025918599]]
2025-04-16 10:29:02 INFO: Výstup: 426414.14 Kè
2025-04-16 10:35:39 INFO: Aplikace spuštìna.
2025-04-16 10:36:06 INFO: Vstup pøed škálováním: [[1.0, 338.0, 2.0, 0.0, 2.0, 120000.0, 120.0, 12.0]]
2025-04-16 10:36:06 INFO: Vstup po škálování: [[1.0, 338.0, 2.0, 0.0, 0.037143052348032495, 0.4057181904461047, -0.23377353752935415, 1.006595197887101]]
2025-04-16 10:36:06 INFO: Výstup: 220000.00 Kè
2025-04-16 10:36:08 INFO: Vstup pøed škálováním: [[1.0, 338.0, 2.0, 0.0, 2.0, 120000.0, 120.0, 12.0]]
2025-04-16 10:36:08 INFO: Vstup po škálování: [[1.0, 338.0, 2.0, 0.0, 0.037143052348032495, 0.4057181904461047, -0.23377353752935415, 1.006595197887101]]
2025-04-16 10:36:08 INFO: Výstup: 249019.02 Kè
2025-04-16 10:36:10 INFO: Vstup pøed škálováním: [[1.0, 338.0, 2.0, 0.0, 2.0, 120000.0, 120.0, 12.0]]
2025-04-16 10:36:10 INFO: Vstup po škálování: [[1.0, 338.0, 2.0, 0.0, 0.037143052348032495, 0.4057181904461047, -0.23377353752935415, 1.006595197887101]]
2025-04-16 10:36:10 INFO: Výstup: 311148.28 Kè
2025-04-16 10:36:13 INFO: Vstup pøed škálováním: [[1.0, 338.0, 2.0, 0.0, 2.0, 120000.0, 120.0, 2.0]]
2025-04-16 10:36:13 INFO: Vstup po škálování: [[1.0, 338.0, 2.0, 0.0, 0.037143052348032495, 0.4057181904461047, -0.23377353752935415, -0.6975677025918599]]
2025-04-16 10:36:13 INFO: Výstup: 707706.36 Kè
2025-04-16 10:36:16 INFO: Vstup pøed škálováním: [[1.0, 338.0, 2.0, 0.0, 2.0, 120000.0, 120.0, 2.0]]
2025-04-16 10:36:16 INFO: Vstup po škálování: [[1.0, 338.0, 2.0, 0.0, 0.037143052348032495, 0.4057181904461047, -0.23377353752935415, -0.6975677025918599]]
2025-04-16 10:36:16 INFO: Výstup: 715333.00 Kè
2025-04-16 10:36:19 INFO: Vstup pøed škálováním: [[1.0, 338.0, 2.0, 0.0, 2.0, 120000.0, 120.0, 2.0]]
2025-04-16 10:36:19 INFO: Vstup po škálování: [[1.0, 338.0, 2.0, 0.0, 0.037143052348032495, 0.4057181904461047, -0.23377353752935415, -0.6975677025918599]]
2025-04-16 10:36:19 INFO: Výstup: 698764.57 Kè
2025-04-16 12:52:25 INFO: Aplikace spuštìna.
2025-04-16 12:52:59 INFO: Vstup pøed škálováním: [[1.0, 265.0, 2.0, 0.0, 3.0, 23333.0, 159.0, 4.0]]
2025-04-16 12:52:59 INFO: Vstup po škálování: [[1.0, 265.0, 2.0, 0.0, 1.4847307903916607, -0.7594696633748218, 0.3717731429717851, -0.3567351224960677]]
2025-04-16 12:52:59 INFO: Výstup: 1103086.21 Kè
2025-04-16 12:53:30 INFO: Aplikace spuštìna.
2025-04-16 12:54:01 INFO: Vstup pøed škálováním: [[21.0, 248.0, 2.0, 0.0, 2.0, 150000.0, 140.0, 4.0]]
2025-04-16 12:54:01 INFO: Vstup po škálování: [[21.0, 248.0, 2.0, 0.0, 0.037143052348032495, 0.7673269671188865, 0.07676322170199931, -0.3567351224960677]]
2025-04-16 12:54:01 INFO: Výstup: 641061.18 Kè
2025-04-16 12:54:29 INFO: Vstup pøed škálováním: [[21.0, 248.0, 2.0, 0.0, 2.0, 150000.0, 140.0, 4.0]]
2025-04-16 12:54:29 INFO: Vstup po škálování: [[21.0, 248.0, 2.0, 0.0, 0.037143052348032495, 0.7673269671188865, 0.07676322170199931, -0.3567351224960677]]
2025-04-16 12:54:29 INFO: Výstup: 641061.18 Kè
2025-04-16 12:54:32 INFO: Vstup pøed škálováním: [[21.0, 248.0, 2.0, 0.0, 2.0, 150000.0, 140.0, 7.0]]
2025-04-16 12:54:32 INFO: Vstup po škálování: [[21.0, 248.0, 2.0, 0.0, 0.037143052348032495, 0.7673269671188865, 0.07676322170199931, 0.15451374764762058]]
2025-04-16 12:54:32 INFO: Výstup: 563988.45 Kè
2025-04-16 13:20:48 INFO: Aplikace spuštìna.
2025-04-16 13:22:18 INFO: Vstup pøed škálováním: [[21.0, 248.0, 2.0, 0.0, 2.0, 150000.0, 155.0, 4.0]]
2025-04-16 13:22:18 INFO: Vstup po škálování: [[21.0, 248.0, 2.0, 0.0, 0.037143052348032495, 0.7673269671188865, 0.3096657911255144, -0.3567351224960677]]
2025-04-16 13:22:18 INFO: Výstup: 733651.14 Kè
2025-04-16 13:22:29 INFO: Vstup pøed škálováním: [[21.0, 248.0, 2.0, 0.0, 2.0, 150000.0, 140.0, 4.0]]
2025-04-16 13:22:29 INFO: Vstup po škálování: [[21.0, 248.0, 2.0, 0.0, 0.037143052348032495, 0.7673269671188865, 0.07676322170199931, -0.3567351224960677]]
2025-04-16 13:22:29 INFO: Výstup: 641061.18 Kè
2025-04-16 13:22:39 INFO: Vstup pøed škálováním: [[21.0, 248.0, 2.0, 0.0, 2.0, 150000.0, 140.0, 4.0]]
2025-04-16 13:22:39 INFO: Vstup po škálování: [[21.0, 248.0, 2.0, 0.0, 0.037143052348032495, 0.7673269671188865, 0.07676322170199931, -0.3567351224960677]]
2025-04-16 13:22:39 INFO: Výstup: 641061.18 Kè
